<?xml version="1.0" encoding="UTF-8"?>
<!-- Generated by org.testng.reporters.JUnitReportReporter -->
<testsuite hostname="CDC2-L-F2AKEBA" failures="0" tests="4" name="testRunner.Runner" time="92.005" errors="0" timestamp="10 Aug 2024 09:34:33 GMT" skipped="0">
  <testcase classname="testRunner.Runner" name="runScenario" time="18.512"/>
  <testcase classname="testRunner.Runner" name="runScenario" time="20.283"/>
  <testcase classname="testRunner.Runner" name="runScenario" time="39.672"/>
  <testcase classname="testRunner.Runner" name="runScenario" time="13.538"/>
</testsuite> <!-- testRunner.Runner -->
